<?xml version="1.0" encoding="UTF-8"?>
<testsuites name="Sign Up" time="47.675" tests="3" failures="0" errors="0">
   <testsuite name="Sign Up" tests="3" failures="0" errors="0" time="47.675" skipped="0" timestamp="2023-09-26 23:39:23" hostname="ASUS - LAPTOP-1KOV8VAE" id="Test Suites/Sign Up">
      <properties>
         <property name="deviceName" value=""/>
         <property name="devicePlatform" value=""/>
         <property name="logFolder" value="C:\\Users\\ASUS\\git\\sanbercode-katalon-andhinyfatikha-1\\Reports\\20230926_233919\\Sign Up\\20230926_233919"/>
         <property name="logFiles" value="C:\\Users\\ASUS\\git\\sanbercode-katalon-andhinyfatikha-1\\Reports\\20230926_233919\\Sign Up\\20230926_233919\\execution0.log"/>
         <property name="attachments" value=""/>
         <property name="hostName" value="ASUS - LAPTOP-1KOV8VAE"/>
         <property name="os" value="Windows 10 64bit"/>
         <property name="katalonVersion" value="8.6.5.208"/>
         <property name="browser" value="Chrome 116.0.0.0"/>
         <property name="hostAddress" value="192.168.10.176"/>
         <property name="sessionId" value="0c603a0ce4b033fcb114ce40e2c108d0"/>
         <property name="seleniumVersion" value="3.141.59"/>
         <property name="proxyInformation" value="ProxyInformation { proxyOption=NO_PROXY, proxyServerType=HTTP, username=, password=********, proxyServerAddress=, proxyServerPort=0, executionList=&quot;&quot;, isApplyToDesiredCapabilities=true }"/>
         <property name="platform" value="Windows 10"/>
      </properties>
      <testcase name="Test Cases/01 - Sign Up/01 - Normal Sign Up" time="12.188" classname="Test Cases/01 - Sign Up/01 - Normal Sign Up" status="PASSED">
         <system-out><![CDATA[2023-09-26 23:39:23 - [TEST_CASE][PASSED] - Test Cases/01 - Sign Up/01 - Normal Sign Up: Test Cases/01 - Sign Up/01 - Normal Sign Up

2023-09-26 23:39:24 - [TEST_STEP][PASSED] - openBrowser(""): Browser is opened with url: ''

2023-09-26 23:39:24 - [MESSAGE][INFO] - Starting 'Chrome' driver

2023-09-26 23:39:24 - [MESSAGE][INFO] - Action delay is set to 0 milliseconds

2023-09-26 23:39:27 - [MESSAGE][PASSED] - Browser is opened with url: ''

2023-09-26 23:39:27 - [TEST_STEP][PASSED] - navigateToUrl(demoBlazeURL): Navigate to 'https://demoblaze.com/' successfully

2023-09-26 23:39:31 - [MESSAGE][PASSED] - Navigate to 'https://demoblaze.com/' successfully

2023-09-26 23:39:31 - [TEST_STEP][PASSED] - click(findTestObject("Sign Up/a_Sign up")): Object: 'Object Repository/Sign Up/a_Sign up' is clicked on

2023-09-26 23:39:32 - [MESSAGE][PASSED] - Object: 'Object Repository/Sign Up/a_Sign up' is clicked on

2023-09-26 23:39:32 - [TEST_STEP][PASSED] - randomUsername = generateRandomString(8): null

2023-09-26 23:39:32 - [TEST_STEP][PASSED] - chars = "ABCDEFGHIJKLMNOPQRSTUVWXYZabcdefghijklmnopqrstuvwxyz0123456789".toCharArray(): null

2023-09-26 23:39:32 - [TEST_STEP][PASSED] - random = new java.util.Random(): null

2023-09-26 23:39:32 - [TEST_STEP][PASSED] - sb = new java.lang.StringBuilder(): null

2023-09-26 23:39:32 - [TEST_STEP][PASSED] - (length - 1)).each({ -> ... }): null

2023-09-26 23:39:32 - [TEST_STEP][PASSED] - return sb.toString(): null

2023-09-26 23:39:32 - [TEST_STEP][PASSED] - randomPassword = generateRandomString(10): null

2023-09-26 23:39:32 - [TEST_STEP][PASSED] - chars = "ABCDEFGHIJKLMNOPQRSTUVWXYZabcdefghijklmnopqrstuvwxyz0123456789".toCharArray(): null

2023-09-26 23:39:32 - [TEST_STEP][PASSED] - random = new java.util.Random(): null

2023-09-26 23:39:32 - [TEST_STEP][PASSED] - sb = new java.lang.StringBuilder(): null

2023-09-26 23:39:32 - [TEST_STEP][PASSED] - (length - 1)).each({ -> ... }): null

2023-09-26 23:39:32 - [TEST_STEP][PASSED] - return sb.toString(): null

2023-09-26 23:39:32 - [TEST_STEP][PASSED] - setText(findTestObject("Sign Up/input_signupUsername"), randomUsername): Text '3I3tJE2D' is set on object 'Object Repository/Sign Up/input_signupUsername'

2023-09-26 23:39:33 - [MESSAGE][PASSED] - Text '3I3tJE2D' is set on object 'Object Repository/Sign Up/input_signupUsername'

2023-09-26 23:39:33 - [TEST_STEP][PASSED] - setText(findTestObject("Sign Up/input_signupPassword"), randomPassword): Text 'Afqs2GwLeK' is set on object 'Object Repository/Sign Up/input_signupPassword'

2023-09-26 23:39:34 - [MESSAGE][PASSED] - Text 'Afqs2GwLeK' is set on object 'Object Repository/Sign Up/input_signupPassword'

2023-09-26 23:39:34 - [TEST_STEP][PASSED] - click(findTestObject("Sign Up/button_Sign up")): Object: 'Object Repository/Sign Up/button_Sign up' is clicked on

2023-09-26 23:39:35 - [MESSAGE][PASSED] - Object: 'Object Repository/Sign Up/button_Sign up' is clicked on

2023-09-26 23:39:35 - [TEST_STEP][PASSED] - navigateToUrl(demoBlazeURL): Navigate to 'https://demoblaze.com/' successfully

2023-09-26 23:39:35 - [MESSAGE][PASSED] - Navigate to 'https://demoblaze.com/' successfully]]></system-out>
         <system-err><![CDATA[]]></system-err>
      </testcase>
      <testcase name="Test Cases/01 - Sign Up/02 - Negative" time="18.063" classname="Test Cases/01 - Sign Up/02 - Negative" status="PASSED">
         <system-out><![CDATA[2023-09-26 23:39:35 - [TEST_CASE][PASSED] - Test Cases/01 - Sign Up/02 - Negative: Test Cases/01 - Sign Up/02 - Negative

2023-09-26 23:39:36 - [TEST_STEP][PASSED] - openBrowser(""): Browser is opened with url: ''

2023-09-26 23:39:36 - [MESSAGE][WARNING] - A browser is already opened. Closing browser and opening a new one

2023-09-26 23:39:37 - [MESSAGE][INFO] - Starting 'Chrome' driver

2023-09-26 23:39:37 - [MESSAGE][INFO] - Action delay is set to 0 milliseconds

2023-09-26 23:39:38 - [MESSAGE][PASSED] - Browser is opened with url: ''

2023-09-26 23:39:38 - [TEST_STEP][PASSED] - navigateToUrl(demoBlazeURL): Navigate to 'https://demoblaze.com/' successfully

2023-09-26 23:39:40 - [MESSAGE][PASSED] - Navigate to 'https://demoblaze.com/' successfully

2023-09-26 23:39:40 - [TEST_STEP][PASSED] - click(findTestObject("Sign Up/a_Sign up")): Object: 'Object Repository/Sign Up/a_Sign up' is clicked on

2023-09-26 23:39:41 - [MESSAGE][PASSED] - Object: 'Object Repository/Sign Up/a_Sign up' is clicked on

2023-09-26 23:39:41 - [TEST_STEP][PASSED] - username = "lihat.langit": null

2023-09-26 23:39:41 - [TEST_STEP][PASSED] - password = "Test123!": null

2023-09-26 23:39:41 - [TEST_STEP][PASSED] - click(findTestObject("Sign Up/button_Sign up")): Object: 'Object Repository/Sign Up/button_Sign up' is clicked on

2023-09-26 23:39:42 - [MESSAGE][PASSED] - Object: 'Object Repository/Sign Up/button_Sign up' is clicked on

2023-09-26 23:39:42 - [TEST_STEP][PASSED] - acceptAlert(): Alert accepted

2023-09-26 23:39:42 - [MESSAGE][PASSED] - Alert accepted

2023-09-26 23:39:42 - [TEST_STEP][PASSED] - setText(findTestObject("Sign Up/input_signupPassword"), password): Text 'Test123!' is set on object 'Object Repository/Sign Up/input_signupPassword'

2023-09-26 23:39:43 - [MESSAGE][PASSED] - Text 'Test123!' is set on object 'Object Repository/Sign Up/input_signupPassword'

2023-09-26 23:39:43 - [TEST_STEP][PASSED] - click(findTestObject("Sign Up/button_Sign up")): Object: 'Object Repository/Sign Up/button_Sign up' is clicked on

2023-09-26 23:39:44 - [MESSAGE][PASSED] - Object: 'Object Repository/Sign Up/button_Sign up' is clicked on

2023-09-26 23:39:44 - [TEST_STEP][PASSED] - acceptAlert(): Alert accepted

2023-09-26 23:39:44 - [MESSAGE][PASSED] - Alert accepted

2023-09-26 23:39:44 - [TEST_STEP][PASSED] - setText(findTestObject("Sign Up/input_signupUsername"), username): Text 'lihat.langit' is set on object 'Object Repository/Sign Up/input_signupUsername'

2023-09-26 23:39:44 - [MESSAGE][PASSED] - Text 'lihat.langit' is set on object 'Object Repository/Sign Up/input_signupUsername'

2023-09-26 23:39:44 - [TEST_STEP][PASSED] - delay(3): Delayed 3 second(s)

2023-09-26 23:39:48 - [MESSAGE][PASSED] - Delayed 3 second(s)

2023-09-26 23:39:48 - [TEST_STEP][PASSED] - clearText(findTestObject("Sign Up/input_signupPassword")): Text of object 'Object Repository/Sign Up/input_signupPassword' is cleared

2023-09-26 23:39:48 - [MESSAGE][PASSED] - Text of object 'Object Repository/Sign Up/input_signupPassword' is cleared

2023-09-26 23:39:48 - [TEST_STEP][PASSED] - delay(3): Delayed 3 second(s)

2023-09-26 23:39:51 - [MESSAGE][PASSED] - Delayed 3 second(s)

2023-09-26 23:39:51 - [TEST_STEP][PASSED] - click(findTestObject("Sign Up/button_Sign up")): Object: 'Object Repository/Sign Up/button_Sign up' is clicked on

2023-09-26 23:39:51 - [MESSAGE][PASSED] - Object: 'Object Repository/Sign Up/button_Sign up' is clicked on

2023-09-26 23:39:51 - [TEST_STEP][PASSED] - acceptAlert(): Alert accepted

2023-09-26 23:39:51 - [MESSAGE][PASSED] - Alert accepted

2023-09-26 23:39:52 - [TEST_STEP][PASSED] - navigateToUrl(demoBlazeURL): Navigate to 'https://demoblaze.com/' successfully

2023-09-26 23:39:53 - [MESSAGE][PASSED] - Navigate to 'https://demoblaze.com/' successfully]]></system-out>
         <system-err><![CDATA[]]></system-err>
      </testcase>
      <testcase name="Test Cases/01 - Sign Up/02 - Negative Sign Up" time="17.001" classname="Test Cases/01 - Sign Up/02 - Negative Sign Up" status="PASSED">
         <system-out><![CDATA[2023-09-26 23:39:53 - [TEST_CASE][PASSED] - Test Cases/01 - Sign Up/02 - Negative Sign Up: Test Cases/01 - Sign Up/02 - Negative Sign Up

2023-09-26 23:39:54 - [TEST_STEP][PASSED] - openBrowser(""): Browser is opened with url: ''

2023-09-26 23:39:54 - [MESSAGE][WARNING] - A browser is already opened. Closing browser and opening a new one

2023-09-26 23:39:55 - [MESSAGE][INFO] - Starting 'Chrome' driver

2023-09-26 23:39:55 - [MESSAGE][INFO] - Action delay is set to 0 milliseconds

2023-09-26 23:39:56 - [MESSAGE][PASSED] - Browser is opened with url: ''

2023-09-26 23:39:56 - [TEST_STEP][PASSED] - navigateToUrl(demoBlazeURL): Navigate to 'https://demoblaze.com/' successfully

2023-09-26 23:39:57 - [MESSAGE][PASSED] - Navigate to 'https://demoblaze.com/' successfully

2023-09-26 23:39:57 - [TEST_STEP][PASSED] - click(findTestObject("Sign Up/a_Sign up")): Object: 'Object Repository/Sign Up/a_Sign up' is clicked on

2023-09-26 23:39:59 - [MESSAGE][PASSED] - Object: 'Object Repository/Sign Up/a_Sign up' is clicked on

2023-09-26 23:39:59 - [TEST_STEP][PASSED] - username = "lihat.langit": null

2023-09-26 23:39:59 - [TEST_STEP][PASSED] - password = "Test123!": null

2023-09-26 23:39:59 - [TEST_STEP][PASSED] - click(findTestObject("Sign Up/button_Sign up")): Object: 'Object Repository/Sign Up/button_Sign up' is clicked on

2023-09-26 23:39:59 - [MESSAGE][PASSED] - Object: 'Object Repository/Sign Up/button_Sign up' is clicked on

2023-09-26 23:39:59 - [TEST_STEP][PASSED] - acceptAlert(): Alert accepted

2023-09-26 23:39:59 - [MESSAGE][PASSED] - Alert accepted

2023-09-26 23:39:59 - [TEST_STEP][PASSED] - setText(findTestObject("Sign Up/input_signupPassword"), password): Text 'Test123!' is set on object 'Object Repository/Sign Up/input_signupPassword'

2023-09-26 23:40:00 - [MESSAGE][PASSED] - Text 'Test123!' is set on object 'Object Repository/Sign Up/input_signupPassword'

2023-09-26 23:40:00 - [TEST_STEP][PASSED] - click(findTestObject("Sign Up/button_Sign up")): Object: 'Object Repository/Sign Up/button_Sign up' is clicked on

2023-09-26 23:40:01 - [MESSAGE][PASSED] - Object: 'Object Repository/Sign Up/button_Sign up' is clicked on

2023-09-26 23:40:01 - [TEST_STEP][PASSED] - acceptAlert(): Alert accepted

2023-09-26 23:40:01 - [MESSAGE][PASSED] - Alert accepted

2023-09-26 23:40:01 - [TEST_STEP][PASSED] - setText(findTestObject("Sign Up/input_signupUsername"), username): Text 'lihat.langit' is set on object 'Object Repository/Sign Up/input_signupUsername'

2023-09-26 23:40:02 - [MESSAGE][PASSED] - Text 'lihat.langit' is set on object 'Object Repository/Sign Up/input_signupUsername'

2023-09-26 23:40:02 - [TEST_STEP][PASSED] - delay(3): Delayed 3 second(s)

2023-09-26 23:40:05 - [MESSAGE][PASSED] - Delayed 3 second(s)

2023-09-26 23:40:05 - [TEST_STEP][PASSED] - clearText(findTestObject("Sign Up/input_signupPassword")): Text of object 'Object Repository/Sign Up/input_signupPassword' is cleared

2023-09-26 23:40:05 - [MESSAGE][PASSED] - Text of object 'Object Repository/Sign Up/input_signupPassword' is cleared

2023-09-26 23:40:05 - [TEST_STEP][PASSED] - delay(3): Delayed 3 second(s)

2023-09-26 23:40:08 - [MESSAGE][PASSED] - Delayed 3 second(s)

2023-09-26 23:40:08 - [TEST_STEP][PASSED] - click(findTestObject("Sign Up/button_Sign up")): Object: 'Object Repository/Sign Up/button_Sign up' is clicked on

2023-09-26 23:40:09 - [MESSAGE][PASSED] - Object: 'Object Repository/Sign Up/button_Sign up' is clicked on

2023-09-26 23:40:09 - [TEST_STEP][PASSED] - acceptAlert(): Alert accepted

2023-09-26 23:40:09 - [MESSAGE][PASSED] - Alert accepted

2023-09-26 23:40:09 - [TEST_STEP][PASSED] - navigateToUrl(demoBlazeURL): Navigate to 'https://demoblaze.com/' successfully

2023-09-26 23:40:10 - [MESSAGE][PASSED] - Navigate to 'https://demoblaze.com/' successfully]]></system-out>
         <system-err><![CDATA[]]></system-err>
      </testcase>
      <system-out><![CDATA[2023-09-26 23:39:23 - [TEST_SUITE][PASSED] - Sign Up: Test Cases/01 - Sign Up/02 - Negative Sign Up]]></system-out>
      <system-err><![CDATA[]]></system-err>
   </testsuite>
</testsuites>
