<?xml version="1.0" encoding="UTF-8"?>
<testsuites name="Login" time="31.0" tests="2" failures="0" errors="0">
   <testsuite name="Login" tests="2" failures="0" errors="0" time="31.0" skipped="0" timestamp="2023-09-26 23:41:09" hostname="ASUS - LAPTOP-1KOV8VAE" id="Test Suites/Login">
      <properties>
         <property name="deviceName" value=""/>
         <property name="devicePlatform" value=""/>
         <property name="logFolder" value="C:\\Users\\ASUS\\git\\sanbercode-katalon-andhinyfatikha-1\\Reports\\20230926_234106\\Login\\20230926_234106"/>
         <property name="logFiles" value="C:\\Users\\ASUS\\git\\sanbercode-katalon-andhinyfatikha-1\\Reports\\20230926_234106\\Login\\20230926_234106\\execution0.log"/>
         <property name="attachments" value=""/>
         <property name="hostName" value="ASUS - LAPTOP-1KOV8VAE"/>
         <property name="os" value="Windows 10 64bit"/>
         <property name="katalonVersion" value="8.6.5.208"/>
         <property name="browser" value="Chrome 116.0.0.0"/>
         <property name="hostAddress" value="192.168.10.176"/>
         <property name="sessionId" value="b68b2201eb78b05584c665f35ae9fe89"/>
         <property name="seleniumVersion" value="3.141.59"/>
         <property name="proxyInformation" value="ProxyInformation { proxyOption=NO_PROXY, proxyServerType=HTTP, username=, password=********, proxyServerAddress=, proxyServerPort=0, executionList=&quot;&quot;, isApplyToDesiredCapabilities=true }"/>
         <property name="platform" value="Windows 10"/>
      </properties>
      <testcase name="Test Cases/02 - Login/01 - Normal Login" time="13.4" classname="Test Cases/02 - Login/01 - Normal Login" status="PASSED">
         <system-out><![CDATA[2023-09-26 23:41:09 - [TEST_CASE][PASSED] - Test Cases/02 - Login/01 - Normal Login: Test Cases/02 - Login/01 - Normal Login

2023-09-26 23:41:10 - [TEST_STEP][PASSED] - openBrowser(""): Browser is opened with url: ''

2023-09-26 23:41:10 - [MESSAGE][INFO] - Starting 'Chrome' driver

2023-09-26 23:41:10 - [MESSAGE][INFO] - Action delay is set to 0 milliseconds

2023-09-26 23:41:13 - [MESSAGE][PASSED] - Browser is opened with url: ''

2023-09-26 23:41:13 - [TEST_STEP][PASSED] - navigateToUrl(demoBlazeURL): Navigate to 'https://demoblaze.com/' successfully

2023-09-26 23:41:15 - [MESSAGE][PASSED] - Navigate to 'https://demoblaze.com/' successfully

2023-09-26 23:41:15 - [TEST_STEP][PASSED] - click(findTestObject("Login/a_Login")): Object: 'Object Repository/Login/a_Login' is clicked on

2023-09-26 23:41:17 - [MESSAGE][PASSED] - Object: 'Object Repository/Login/a_Login' is clicked on

2023-09-26 23:41:17 - [TEST_STEP][PASSED] - setText(findTestObject("Login/input_loginUsername"), username): Text 'miyako' is set on object 'Object Repository/Login/input_loginUsername'

2023-09-26 23:41:18 - [MESSAGE][PASSED] - Text 'miyako' is set on object 'Object Repository/Login/input_loginUsername'

2023-09-26 23:41:18 - [TEST_STEP][PASSED] - setText(findTestObject("Login/input_loginPassword"), password): Text 'Test123!' is set on object 'Object Repository/Login/input_loginPassword'

2023-09-26 23:41:19 - [MESSAGE][PASSED] - Text 'Test123!' is set on object 'Object Repository/Login/input_loginPassword'

2023-09-26 23:41:19 - [TEST_STEP][PASSED] - click(findTestObject("Login/button_Login")): Object: 'Object Repository/Login/button_Login' is clicked on

2023-09-26 23:41:20 - [MESSAGE][PASSED] - Object: 'Object Repository/Login/button_Login' is clicked on

2023-09-26 23:41:20 - [TEST_STEP][PASSED] - verifyElementVisible(findTestObject("Login/a_Name of User"), STOP_ON_FAILURE): Object 'Object Repository/Login/a_Name of User' is visible

2023-09-26 23:41:23 - [MESSAGE][PASSED] - Object 'Object Repository/Login/a_Name of User' is visible]]></system-out>
         <system-err><![CDATA[]]></system-err>
      </testcase>
      <testcase name="Test Cases/02 - Login/02 - Negative Login" time="17.224" classname="Test Cases/02 - Login/02 - Negative Login" status="PASSED">
         <system-out><![CDATA[2023-09-26 23:41:23 - [TEST_CASE][PASSED] - Test Cases/02 - Login/02 - Negative Login: Test Cases/02 - Login/02 - Negative Login

2023-09-26 23:41:24 - [TEST_STEP][PASSED] - openBrowser(""): Browser is opened with url: ''

2023-09-26 23:41:24 - [MESSAGE][WARNING] - A browser is already opened. Closing browser and opening a new one

2023-09-26 23:41:24 - [MESSAGE][INFO] - Starting 'Chrome' driver

2023-09-26 23:41:24 - [MESSAGE][INFO] - Action delay is set to 0 milliseconds

2023-09-26 23:41:26 - [MESSAGE][PASSED] - Browser is opened with url: ''

2023-09-26 23:41:26 - [TEST_STEP][PASSED] - navigateToUrl(demoBlazeURL): Navigate to 'https://demoblaze.com/' successfully

2023-09-26 23:41:27 - [MESSAGE][PASSED] - Navigate to 'https://demoblaze.com/' successfully

2023-09-26 23:41:27 - [TEST_STEP][PASSED] - click(findTestObject("Login/a_Login")): Object: 'Object Repository/Login/a_Login' is clicked on

2023-09-26 23:41:28 - [MESSAGE][PASSED] - Object: 'Object Repository/Login/a_Login' is clicked on

2023-09-26 23:41:28 - [TEST_STEP][PASSED] - username = "miyako": null

2023-09-26 23:41:28 - [TEST_STEP][PASSED] - password = "Test123!": null

2023-09-26 23:41:28 - [TEST_STEP][PASSED] - click(findTestObject("Login/button_Login")): Object: 'Object Repository/Login/button_Login' is clicked on

2023-09-26 23:41:29 - [MESSAGE][PASSED] - Object: 'Object Repository/Login/button_Login' is clicked on

2023-09-26 23:41:29 - [TEST_STEP][PASSED] - acceptAlert(): Alert accepted

2023-09-26 23:41:29 - [MESSAGE][PASSED] - Alert accepted

2023-09-26 23:41:29 - [TEST_STEP][PASSED] - setText(findTestObject("Login/input_loginPassword"), password): Text 'Test123!' is set on object 'Object Repository/Login/input_loginPassword'

2023-09-26 23:41:30 - [MESSAGE][PASSED] - Text 'Test123!' is set on object 'Object Repository/Login/input_loginPassword'

2023-09-26 23:41:30 - [TEST_STEP][PASSED] - click(findTestObject("Login/button_Login")): Object: 'Object Repository/Login/button_Login' is clicked on

2023-09-26 23:41:31 - [MESSAGE][PASSED] - Object: 'Object Repository/Login/button_Login' is clicked on

2023-09-26 23:41:31 - [TEST_STEP][PASSED] - acceptAlert(): Alert accepted

2023-09-26 23:41:31 - [MESSAGE][PASSED] - Alert accepted

2023-09-26 23:41:31 - [TEST_STEP][PASSED] - setText(findTestObject("Login/input_loginUsername"), username): Text 'miyako' is set on object 'Object Repository/Login/input_loginUsername'

2023-09-26 23:41:32 - [MESSAGE][PASSED] - Text 'miyako' is set on object 'Object Repository/Login/input_loginUsername'

2023-09-26 23:41:32 - [TEST_STEP][PASSED] - delay(3): Delayed 3 second(s)

2023-09-26 23:41:35 - [MESSAGE][PASSED] - Delayed 3 second(s)

2023-09-26 23:41:35 - [TEST_STEP][PASSED] - clearText(findTestObject("Login/input_loginPassword")): Text of object 'Object Repository/Login/input_loginPassword' is cleared

2023-09-26 23:41:35 - [MESSAGE][PASSED] - Text of object 'Object Repository/Login/input_loginPassword' is cleared

2023-09-26 23:41:35 - [TEST_STEP][PASSED] - delay(3): Delayed 3 second(s)

2023-09-26 23:41:38 - [MESSAGE][PASSED] - Delayed 3 second(s)

2023-09-26 23:41:38 - [TEST_STEP][PASSED] - click(findTestObject("Login/button_Login")): Object: 'Object Repository/Login/button_Login' is clicked on

2023-09-26 23:41:39 - [MESSAGE][PASSED] - Object: 'Object Repository/Login/button_Login' is clicked on

2023-09-26 23:41:39 - [TEST_STEP][PASSED] - acceptAlert(): Alert accepted

2023-09-26 23:41:39 - [MESSAGE][PASSED] - Alert accepted

2023-09-26 23:41:39 - [TEST_STEP][PASSED] - navigateToUrl(demoBlazeURL): Navigate to 'https://demoblaze.com/' successfully

2023-09-26 23:41:40 - [MESSAGE][PASSED] - Navigate to 'https://demoblaze.com/' successfully]]></system-out>
         <system-err><![CDATA[]]></system-err>
      </testcase>
      <system-out><![CDATA[2023-09-26 23:41:09 - [TEST_SUITE][PASSED] - Login: Test Cases/02 - Login/02 - Negative Login]]></system-out>
      <system-err><![CDATA[]]></system-err>
   </testsuite>
</testsuites>
